<?xml version="1.0" encoding="UTF-8"?>
<!-- Generated by org.testng.reporters.JUnitReportReporter -->
<testsuite skipped="0" hostname="DESKTOP-PCILIN2" name="Demo.Temp" tests="1" failures="0" timestamp="2022-05-12T12:01:54 IST" time="7.858" errors="0">
  <testcase name="setup" time="7.858" classname="Demo.Temp"/>
  <system-out/>
</testsuite> <!-- Demo.Temp -->
