<?xml version="1.0" encoding="UTF-8"?>
<!-- Generated by org.testng.reporters.JUnitReportReporter -->
<testsuite skipped="0" hostname="DESKTOP-PCILIN2" name="Demo.Maven" tests="1" failures="0" timestamp="2022-05-13T11:48:26 IST" time="36.583" errors="0">
  <testcase name="setup" time="36.583" classname="Demo.Maven"/>
  <system-out/>
</testsuite> <!-- Demo.Maven -->
